[0720/145748.188:ERROR:process_reader_win.cc(151)] SuspendThread: Access is denied. (0x5)
[0720/145748.193:ERROR:exception_snapshot_win.cc(98)] thread ID 3416 not found in process
[0720/145748.193:ERROR:scoped_process_suspend.cc(40)] NtResumeProcess: An attempt was made to access an exiting process. (0xc000010a)
[0723/153327.224:ERROR:scoped_process_suspend.cc(40)] NtResumeProcess: An attempt was made to access an exiting process. (0xc000010a)
[0723/170732.126:ERROR:process_reader_win.cc(151)] SuspendThread: Access is denied. (0x5)
[0723/170732.130:ERROR:exception_snapshot_win.cc(98)] thread ID 33000 not found in process
[0723/170732.130:ERROR:scoped_process_suspend.cc(40)] NtResumeProcess: An attempt was made to access an exiting process. (0xc000010a)
[0723/172241.130:WARNING:process_reader_win.cc(156)] Thread 19128 should be suspended, but previous_suspend_count is 0
[0723/172241.161:ERROR:process_info.cc(626)] range at 0x1f901fd000, size 0x3000 partially unreadable
[0723/202027.602:ERROR:process_reader_win.cc(188)] ResumeThread: The parameter is incorrect. (0x57)
[0723/202027.605:ERROR:process_reader_win.cc(151)] SuspendThread: Access is denied. (0x5)
[0723/202027.605:ERROR:process_reader_win.cc(151)] SuspendThread: Access is denied. (0x5)
[0723/202027.605:ERROR:process_reader_win.cc(151)] SuspendThread: Access is denied. (0x5)
[0723/202027.605:ERROR:process_reader_win.cc(151)] SuspendThread: Access is denied. (0x5)
[0723/202027.605:ERROR:process_reader_win.cc(151)] SuspendThread: Access is denied. (0x5)
[0723/202027.606:ERROR:process_reader_win.cc(151)] SuspendThread: Access is denied. (0x5)
[0723/202027.606:ERROR:process_reader_win.cc(151)] SuspendThread: Access is denied. (0x5)
[0723/202027.606:ERROR:process_reader_win.cc(151)] SuspendThread: Access is denied. (0x5)
[0723/202027.606:ERROR:process_reader_win.cc(151)] SuspendThread: Access is denied. (0x5)
[0723/202027.606:ERROR:process_reader_win.cc(151)] SuspendThread: Access is denied. (0x5)
[0723/202027.606:ERROR:exception_snapshot_win.cc(98)] thread ID 25388 not found in process
